<<<<<<< HEAD
This is e-pTeX, Version 3.14159265-p3.8.1-180226-2.6 (utf8.euc) (TeX Live 2018) (preloaded format=platex 2019.4.8)  13 MAY 2019 20:32
=======
This is e-pTeX, Version 3.14159265-p3.8.1-180226-2.6 (utf8.euc) (TeX Live 2018) (preloaded format=platex 2019.4.8)  13 MAY 2019 15:57
>>>>>>> origin/master
entering extended mode
 restricted \write18 enabled.
 %&-line parsing enabled.
**/Users/k17124kk/Desktop/cameraredy/BLE-cameraready
(/Users/k17124kk/Desktop/cameraredy/BLE-cameraready.tex
pLaTeX2e <2018-12-01> (based on LaTeX2e <2018-12-01>)
(./dicomopapers.cls

LaTeX Warning: You have requested document class `dicomopapers',
               but the document class provides `ipsj'.

Document Class: ipsj 2012/10/12 v1.04 IPSJ class
(/usr/local/texlive/2018/texmf-dist/tex/latex/graphics/color.sty
Package: color 2016/07/10 v1.1e Standard LaTeX Color (DPC)
 (/usr/local/texlive/2018/texmf-dist/tex/latex/graphics-cfg/color.cfg
File: color.cfg 2016/01/02 v1.6 sample color configuration
)
Package color Info: Driver file: dvips.def on input line 147.
 (/usr/local/texlive/2018/texmf-dist/tex/latex/graphics-def/dvips.def
File: dvips.def 2017/06/20 v3.1d Graphics/color driver for dvips
) (/usr/local/texlive/2018/texmf-dist/tex/latex/graphics/dvipsnam.def
File: dvipsnam.def 2016/06/17 v3.0m Driver-dependent file (DPC,SPQR)
))
\c@@paper=\count83
\h=\dimen118
\JQ=\dimen119
\Q=\dimen120
\@Q=\dimen121
\ChtE=\skip41
\CdpE=\skip42
\CwdE=\skip43
\CvsE=\skip44
\normalbaselineskip=\skip45
\c@volume=\count84
\c@number=\count85
\c@month=\count86
\c@year=\count87
\author@count=\count88
\label@count=\count89
\email@count=\count90
\affiliate@count=\count91
\offsetemail=\count92
\paffiliate@count=\count93
\shubetutitlesep=\skip46
\JEhonbunsep=\skip47
\Etitleauthorsep=\skip48
\Eauthorreceivesep=\skip49
\Ereceiveabstsep=\skip50
\Eabstkeywordsep=\skip51
\Jtitlejauthorsep=\skip52
\Jauthorjreceivesep=\skip53
\Jreceivejabstsep=\skip54
\Jabstsepjkeyword=\skip55
\Jkeywordetitle=\skip56
\Jetitleeauthor=\skip57
\Jeauthorereceivesep=\skip58
\Jereceiveeabstsep=\skip59
\Jeabstekeywordsep=\skip60
\@abstractbox=\box43
\@eabstractbox=\box44
\@jkeywordbox=\box45
\@ekeywordbox=\box46
\@keywordbox=\box47
\c@part=\count94
\c@section=\count95
\c@subsection=\count96
\c@subsubsection=\count97
\c@paragraph=\count98
\c@subparagraph=\count99
\@tempboxb=\box48
\SECTwd=\box49
\section@height=\skip61
\@abovecapskip=\dimen122
\@belowcapskip=\dimen123
\c@figure=\count100
\c@table=\count101
\abovecaptionskip=\skip62
\belowcaptionskip=\skip63
\@tempboxb=\box50
\capwidth=\dimen124
\ecapwidth=\dimen125
\bibindent=\dimen126
\c@profile=\count102
\mathindent=\dimen127
\@dummyfigbox=\box51
\twocolcapwidth=\dimen128
\twocolecapwidth=\dimen129
\@compare@result=\count103
) (/usr/local/texlive/2018/texmf-dist/tex/latex/graphics/graphicx.sty
Package: graphicx 2017/06/01 v1.1a Enhanced LaTeX Graphics (DPC,SPQR)
 (/usr/local/texlive/2018/texmf-dist/tex/latex/graphics/keyval.sty
Package: keyval 2014/10/28 v1.15 key=value parser (DPC)
\KV@toks@=\toks15
) (/usr/local/texlive/2018/texmf-dist/tex/latex/graphics/graphics.sty
Package: graphics 2017/06/25 v1.2c Standard LaTeX Graphics (DPC,SPQR)
 (/usr/local/texlive/2018/texmf-dist/tex/latex/graphics/trig.sty
Package: trig 2016/01/03 v1.10 sin cos tan (DPC)
) (/usr/local/texlive/2018/texmf-dist/tex/latex/graphics-cfg/graphics.cfg
File: graphics.cfg 2016/06/04 v1.11 sample graphics configuration
)
Package graphics Info: Driver file: dvipdfmx.def on input line 99.
 (/usr/local/texlive/2018/texmf-dist/tex/latex/graphics-def/dvipdfmx.def
File: dvipdfmx.def 2017/06/24 v5.0g Graphics/color driver for dvipdfmx
))
\Gin@req@height=\dimen130
\Gin@req@width=\dimen131
) (/usr/local/texlive/2018/texmf-dist/tex/latex/base/latexsym.sty
Package: latexsym 1998/08/17 v2.2e Standard LaTeX package (lasy symbols)
\symlasy=\mathgroup4
LaTeX Font Info:    Overwriting symbol font `lasy' in version `bold'
(Font)                  U/lasy/m/n --> U/lasy/b/n on input line 52.
) (/usr/local/texlive/2018/texmf-dist/tex/latex/url/url.sty
\Urlmuskip=\muskip10
Package: url 2013/09/16  ver 3.4  Verb mode for urls, etc.
)
No file BLE-cameraready.aux.
\openout1 = `BLE-cameraready.aux'.

LaTeX Font Info:    Checking defaults for OML/cmm/m/it on input line 14.
LaTeX Font Info:    ... okay on input line 14.
LaTeX Font Info:    Checking defaults for T1/cmr/m/n on input line 14.
LaTeX Font Info:    ... okay on input line 14.
LaTeX Font Info:    Checking defaults for OT1/cmr/m/n on input line 14.
LaTeX Font Info:    ... okay on input line 14.
LaTeX Font Info:    Checking defaults for OMS/cmsy/m/n on input line 14.
LaTeX Font Info:    ... okay on input line 14.
LaTeX Font Info:    Checking defaults for OMX/cmex/m/n on input line 14.
LaTeX Font Info:    ... okay on input line 14.
LaTeX Font Info:    Checking defaults for U/cmr/m/n on input line 14.
LaTeX Font Info:    ... okay on input line 14.
LaTeX Font Info:    Checking defaults for JY1/mc/m/n on input line 14.
LaTeX Font Info:    ... okay on input line 14.
LaTeX Font Info:    Checking defaults for JT1/mc/m/n on input line 14.
LaTeX Font Info:    ... okay on input line 14.
LaTeX Font Info:    Font shape `JT1/mc/bx/n' in size <8.8711> not available
(Font)              Font shape `JT1/gt/m/n' tried instead on input line 34.
LaTeX Font Info:    Font shape `JY1/mc/bx/n' in size <8.8711> not available
(Font)              Font shape `JY1/gt/m/n' tried instead on input line 34.
LaTeX Font Info:    Font shape `JT1/gt/bx/n' in size <19.2207> not available
(Font)              Font shape `JT1/gt/m/n' tried instead on input line 54.
LaTeX Font Info:    Font shape `JY1/gt/bx/n' in size <19.2207> not available
(Font)              Font shape `JY1/gt/m/n' tried instead on input line 54.
LaTeX Font Info:    Calculating math sizes for size <9.61035> on input line 54.
LaTeX Font Info:    Calculating math sizes for size <11.82813> on input line 54.
LaTeX Font Info:    Font shape `JT1/mc/bx/n' in size <14.22882> not available
(Font)              Font shape `JT1/gt/m/n' tried instead on input line 54.
LaTeX Font Info:    Font shape `JY1/mc/bx/n' in size <14.22882> not available
(Font)              Font shape `JY1/gt/m/n' tried instead on input line 54.
LaTeX Font Info:    Calculating math sizes for size <10.34961> on input line 54.
LaTeX Font Info:    Calculating math sizes for size <8.13184> on input line 54.
LaTeX Font Info:    Font shape `JT1/mc/bx/n' in size <11.82813> not available
(Font)              Font shape `JT1/gt/m/n' tried instead on input line 57.
LaTeX Font Info:    Font shape `JY1/mc/bx/n' in size <11.82813> not available
(Font)              Font shape `JY1/gt/m/n' tried instead on input line 57.

<<<<<<< HEAD
=======

>>>>>>> origin/master
LaTeX Warning: Citation `soumusyo' on page 1 undefined on input line 61.

LaTeX Font Info:    Font shape `JT1/mc/bx/n' in size <9.61035> not available
(Font)              Font shape `JT1/gt/m/n' tried instead on input line 61.
LaTeX Font Info:    Font shape `JY1/mc/bx/n' in size <9.61035> not available
(Font)              Font shape `JY1/gt/m/n' tried instead on input line 61.
LaTeX Font Info:    Font shape `JT1/mc/bx/n' in size <9.24873> not available
(Font)              Font shape `JT1/gt/m/n' tried instead on input line 69.
LaTeX Font Info:    Font shape `JY1/mc/bx/n' in size <9.24873> not available
(Font)              Font shape `JY1/gt/m/n' tried instead on input line 69.
(I search kanjifont definition file: . . ) (I search font definition file: . . . . . . . )
LaTeX Font Info:    Try loading font information for OMS+txsy on input line 69.
 (/usr/local/texlive/2018/texmf-dist/tex/latex/txfonts/omstxsy.fd
File: omstxsy.fd 2000/12/15 v3.1
)
LaTeX Font Info:    Try loading font information for OT1+txsy on input line 69.
LaTeX Font Info:    No file OT1txsy.fd. on input line 69.


LaTeX Font Warning: Font shape `OT1/txsy/m/n' undefined
(Font)              using `OT1/cmr/m/n' instead on input line 69.

LaTeX Font Info:    Try loading font information for OT1+ptm on input line 69.
(/usr/local/texlive/2018/texmf-dist/tex/latex/psnfss/ot1ptm.fd
File: ot1ptm.fd 2001/06/04 font definitions for OT1/ptm.
) [1


]

LaTeX Warning: Reference `abst' on page 2 undefined on input line 75.

File: abst.jpeg Graphic file (type bmp)
<abst.jpeg>

Overfull \hbox (1.72952pt too wide) in paragraph at lines 93--94
 [][] 
 []

LaTeX Font Info:    Font shape `JT1/mc/bx/n' in size <8.13184> not available
(Font)              Font shape `JT1/gt/m/n' tried instead on input line 94.
LaTeX Font Info:    Font shape `JY1/mc/bx/n' in size <8.13184> not available
(Font)              Font shape `JY1/gt/m/n' tried instead on input line 94.

LaTeX Warning: Citation `TagAndThink' on page 2 undefined on input line 100.


LaTeX Warning: Citation `sairyu' on page 2 undefined on input line 106.


LaTeX Warning: Citation `energy' on page 2 undefined on input line 107.


LaTeX Warning: Citation `WifiChannel' on page 2 undefined on input line 112.


LaTeX Warning: Citation `bleUse' on page 2 undefined on input line 117.


LaTeX Warning: Citation `en-AreaUsed' on page 2 undefined on input line 119.


LaTeX Warning: Citation `Finding_by_Counting' on page 2 undefined on input line 119.


LaTeX Warning: Citation `dakoku_system' on page 2 undefined on input line 119.


LaTeX Warning: Citation `IoMT' on page 2 undefined on input line 120.


LaTeX Warning: Citation `tandem' on page 2 undefined on input line 120.


LaTeX Warning: Citation `blespot' on page 2 undefined on input line 120.


LaTeX Warning: Citation `en-door' on page 2 undefined on input line 120.

[2]

LaTeX Warning: Citation `BLEpkpk' on page 3 undefined on input line 137.


LaTeX Warning: Citation `BLEpkpk' on page 3 undefined on input line 138.


<<<<<<< HEAD
LaTeX Warning: Reference `beacon' on page 3 undefined on input line 143.


LaTeX Warning: Reference `freezer' on page 3 undefined on input line 144.


LaTeX Warning: Reference `safe' on page 3 undefined on input line 144.


LaTeX Warning: Reference `chair' on page 3 undefined on input line 144.
=======
LaTeX Warning: Reference `beacon' on page 3 undefined on input line 142.


LaTeX Warning: Reference `freezer' on page 3 undefined on input line 143.


LaTeX Warning: Reference `safe' on page 3 undefined on input line 143.


LaTeX Warning: Reference `chair' on page 3 undefined on input line 143.
>>>>>>> origin/master

File: ble.png Graphic file (type bmp)
<ble.png>
File: regisW2.png Graphic file (type bmp)
<regisW2.png>
File: kinkoW.png Graphic file (type bmp)
<kinkoW.png>
File: zaisuW.png Graphic file (type bmp)
<zaisuW.png>

<<<<<<< HEAD
LaTeX Warning: Reference `adapter' on page 3 undefined on input line 201.


LaTeX Warning: Reference `adapter' on page 3 undefined on input line 202.


LaTeX Warning: Reference `adapter_only' on page 3 undefined on input line 203.
=======
LaTeX Warning: Reference `adapter' on page 3 undefined on input line 200.


LaTeX Warning: Reference `adapter' on page 3 undefined on input line 201.


LaTeX Warning: Reference `adapter_only' on page 3 undefined on input line 202.
>>>>>>> origin/master

File: adapta_compare2.png Graphic file (type bmp)
<adapta_compare2.png>
File: adapta.png Graphic file (type bmp)
<adapta.png>

<<<<<<< HEAD
LaTeX Warning: Reference `transform-data' on page 3 undefined on input line 222.
=======
LaTeX Warning: Reference `transform-data' on page 3 undefined on input line 221.
>>>>>>> origin/master

[3]
File: in-out.png Graphic file (type bmp)
<in-out.png>


<<<<<<< HEAD
LaTeX Warning: Reference `bank-opcl' on page 4 undefined on input line 243.
=======
LaTeX Warning: Reference `bank-opcl' on page 4 undefined on input line 242.
>>>>>>> origin/master

File: lowpath_compare.png Graphic file (type bmp)
<lowpath_compare.png>

<<<<<<< HEAD
LaTeX Warning: Citation `sensing-area' on page 4 undefined on input line 255.


LaTeX Warning: Reference `nomal-data' on page 4 undefined on input line 267.
=======
LaTeX Warning: Citation `sensing-area' on page 4 undefined on input line 254.


LaTeX Warning: Reference `nomal-data' on page 4 undefined on input line 266.
>>>>>>> origin/master

File: bokoboko.png Graphic file (type bmp)
<bokoboko.png>

Overfull \hbox (1.72952pt too wide) in paragraph at lines 275--276
 [][] 
 []

[4]
File: mix.png Graphic file (type bmp)
<mix.png>


LaTeX Warning: Reference `multi-data' on page 5 undefined on input line 323.


LaTeX Warning: Reference `beacon' on page 5 undefined on input line 331.


LaTeX Warning: Reference `freezer' on page 5 undefined on input line 335.


LaTeX Warning: Reference `refrigerator_position' on page 5 undefined on input line 335.

File: refrigerator_position.png Graphic file (type bmp)
<refrigerator_position.png>

LaTeX Warning: Reference `refrigerator_graph' on page 5 undefined on input line 353.


LaTeX Warning: Reference `refrigerator_fig' on page 5 undefined on input line 353.


LaTeX Warning: Reference `refrigerator_graph' on page 5 undefined on input line 354.

[5]
File: refrigerator_graph.png Graphic file (type bmp)
<refrigerator_graph.png>
<<<<<<< HEAD


LaTeX Warning: Reference `safe' on page 6 undefined on input line 390.


LaTeX Warning: Reference `kinko_position' on page 6 undefined on input line 390.


LaTeX Warning: Reference `kinko_position' on page 6 undefined on input line 391.


LaTeX Warning: Reference `kinko_graph' on page 6 undefined on input line 399.


LaTeX Warning: Reference `kinko_fig' on page 6 undefined on input line 399.


LaTeX Warning: Reference `kinko_graph' on page 6 undefined on input line 400.


LaTeX Warning: Reference `kinko_position' on page 6 undefined on input line 400.

File: kinko_position_fig.png Graphic file (type bmp)
<kinko_position_fig.png>
File: kinko_graph.png Graphic file (type bmp)
<kinko_graph.png>

LaTeX Warning: Reference `chair' on page 6 undefined on input line 447.


LaTeX Warning: Reference `zaisu_position' on page 6 undefined on input line 447.


LaTeX Warning: Reference `chair_graph' on page 6 undefined on input line 450.


LaTeX Warning: Reference `chair_fig' on page 6 undefined on input line 450.

File: zaisu_position.png Graphic file (type bmp)
<zaisu_position.png>
File: zaisu_graph.png Graphic file (type bmp)
<zaisu_graph.png>

LaTeX Warning: Reference `chair_graph' on page 6 undefined on input line 487.


LaTeX Warning: Reference `zaisu_position' on page 6 undefined on input line 487.

[6] [7]
LaTeX Font Info:    Calculating math sizes for size <8.8711> on input line 549.

Underfull \hbox (badness 10000) in paragraph at lines 550--551
[] \JY1/mc/m/n/8.8711 『 平成 \OT1/cmr/m/n/8.8711 29 \JY1/mc/m/n/8.8711 年版情報通信白書 』 \OT1/cmr/m/n/8.8711 : \JY1/mc/m/n/8.8711 入手先
 []


Underfull \hbox (badness 10000) in paragraph at lines 550--551
\JY1/mc/m/n/8.8711 〈$\OT1/cmtt/m/n/8.8711 http : / / www . soumu . go . jp / johotsusintokei /
 []


Underfull \hbox (badness 10000) in paragraph at lines 550--551
\OT1/cmtt/m/n/8.8711 whitepaper / ja / h29 / pdf / n3300000 . pdf$\JY1/mc/m/n/8.8711 〉 ， \OT1/cmr/m/n/8.8711 p.125\JY1/mc/m/n/8.8711 ，
 []
=======


LaTeX Warning: Reference `safe' on page 6 undefined on input line 390.


LaTeX Warning: Reference `kinko_position' on page 6 undefined on input line 390.


LaTeX Warning: Reference `kinko_position' on page 6 undefined on input line 391.


LaTeX Warning: Reference `kinko_graph' on page 6 undefined on input line 399.


LaTeX Warning: Reference `kinko_fig' on page 6 undefined on input line 399.
>>>>>>> origin/master


LaTeX Warning: Reference `kinko_graph' on page 6 undefined on input line 400.

<<<<<<< HEAD

LaTeX Warning: There were undefined references.


LaTeX Warning: Label(s) may have changed. Rerun to get cross-references right.

 ) 
Here is how much of TeX's memory you used:
 1706 strings out of 493226
 23891 string characters out of 6144096
 95266 words of memory out of 5000000
 5661 multiletter control sequences out of 15000+600000
 36593 words of font info for 162 fonts, out of 8000000 for 9000
 929 hyphenation exceptions out of 8191
 30i,11n,25p,434b,423s stack positions out of 5000i,500n,10000p,200000b,80000s

Output written on BLE-cameraready.dvi (8 pages, 61656 bytes).
=======

La
>>>>>>> origin/master
